<?xml version="1.0" encoding="UTF-8"?>
<testng-results ignored="0" total="2" passed="2" failed="0" skipped="0">
  <reporter-output>
  </reporter-output>
  <suite started-at="2023-09-09T17:19:33Z" name="Default suite" finished-at="2023-09-09T17:19:35Z" duration-ms="2094">
    <groups>
    </groups>
    <test started-at="2023-09-09T17:19:33Z" name="Default test" finished-at="2023-09-09T17:19:35Z" duration-ms="2094">
      <class name="RestAPIXML.XMLTest">
        <test-method signature="Test1()[pri:0, instance:RestAPIXML.XMLTest@38604b81]" started-at="2023-09-09T17:19:33Z" name="Test1" finished-at="2023-09-09T17:19:34Z" duration-ms="1435" status="PASS">
          <reporter-output>
          </reporter-output>
        </test-method> <!-- Test1 -->
        <test-method signature="Test2()[pri:0, instance:RestAPIXML.XMLTest@38604b81]" started-at="2023-09-09T17:19:35Z" name="Test2" finished-at="2023-09-09T17:19:35Z" duration-ms="641" status="PASS">
          <reporter-output>
          </reporter-output>
        </test-method> <!-- Test2 -->
      </class> <!-- RestAPIXML.XMLTest -->
    </test> <!-- Default test -->
  </suite> <!-- Default suite -->
</testng-results>
